Transcript:K09D9.6.1
Transcript:C17E7.1.1
Transcript:C41G6.3.1
Transcript:T03E6.4.1
Transcript:Y59E9AR.1.1
Transcript:F36F12.5.1
Transcript:ZK666.4.1
Transcript:Y68A4A.6.1
Transcript:C18D11.10.1
Transcript:ZK637.12.1
Transcript:F57B9.6a.1
Transcript:W01D2.1.1
Transcript:Y46G5A.34.1
Transcript:Y18H1A.1.1
Transcript:Y37H2A.10a.1
Transcript:T15B7.4.1
Transcript:C44H9.1.1
Transcript:F54D7.7.1
Transcript:R06B9.1.1
Transcript:ZK673.1a.1
Transcript:T15D6.10.1
Transcript:H27M09.4.1
Transcript:C13B7.1.1
Transcript:Y54G2A.46.1
Transcript:C01G12.2.1
Transcript:C55C3.6a.1
Transcript:C10H11.3.1
Transcript:C15A11.5.1
Transcript:ZC168.4.2
Transcript:ZK1055.4.1
Transcript:F33H12.2.1
Transcript:W09B7.2.1
Transcript:Y94A7B.8.1
Transcript:Y57A10A.4.1
Transcript:Y70C5A.4.1
Transcript:Y47D7A.1.1
Transcript:C49C3.1.1
Transcript:T27A8.3.1
Transcript:Y5H2B.1a.1
Transcript:F54D1.2.1
Transcript:F44C8.4.1
Transcript:Y94A7B.4.1
Transcript:B0213.3.1
Transcript:B0334.5.1
Transcript:D2062.6.1
Transcript:T06C12.2.1
Transcript:F40D4.3.1
Transcript:C01B4.5.1
Transcript:M01B2.8.1
Transcript:C18E3.7d.1
Transcript:T25C12.2.1
Transcript:F43G6.7.1
Transcript:C46E10.6.1
Transcript:C38D9.4.1
Transcript:T13C5.3.1
Transcript:B0035.6.1
Transcript:F34D6.8.1
Transcript:C45H4.2.1
Transcript:T27C5.8.1
Transcript:Y18D10A.25.2
Transcript:Y56A3A.15.1
Transcript:C50H11.2.1
Transcript:F39E9.11.1
Transcript:F26B1.8.1
Transcript:R07C12.1.1
Transcript:F28C12.5.1
Transcript:C25A1.7.1
Transcript:ZK488.5.1
Transcript:T02B11.12.1
Transcript:Y46C8AR.1.1
Transcript:ZK105.3.1
Transcript:K05F6.14.1
Transcript:C38C3.2.1
Transcript:Y19D10A.2.1
Transcript:F56D6.6.1
Transcript:H23N18.3.1
Transcript:C17B7.5.1
Transcript:K12H6.9.1
Transcript:C49G7.13.1
Transcript:Y49F6C.3.1
Transcript:F35C5.8.1
Transcript:C32H11.4.1
Transcript:C13C4.2.1
Transcript:F08A8.4.1
Transcript:T20D4.12.1
Transcript:T04A11.9.1
Transcript:Y51A2A.5.1
Transcript:K10H10.3a.1
Transcript:ZK131.5.1
Transcript:C12D8.10b.1
Transcript:Y113G7B.7.1
Transcript:F07G11.2.1
Transcript:F58F6.6.1
Transcript:Y45F10B.4.1
Transcript:C38D9.6.1
Transcript:F09C6.2.1
Transcript:C02D5.4.2
Transcript:Y19D10A.4a.1
Transcript:F41B5.4.1
Transcript:T09E11.3.1
Transcript:W09C3.3.1
Transcript:T10C6.14.1
Transcript:C37A5.5.1
Transcript:R102.2.1
Transcript:C26D10.7.1
Transcript:F57H12.5a.1
Transcript:K06C4.11.1
Transcript:F26F2.9.1
Transcript:Y19D10A.5a.1
Transcript:VB0393L.2.1
Transcript:Y19D10A.16.1
Transcript:T06C12.11.1
Transcript:T19D12.1d.1
Transcript:F38H12.2.1
Transcript:T09D3.6.1
Transcript:F14F8.13.1
Transcript:C12D8.16.1
Transcript:C36A4.1.1
Transcript:Y54G11A.4.1
Transcript:Y59E9AL.2.1
Transcript:W08E12.2.1
Transcript:T28H11.1.1
Transcript:T06E6.9.1
Transcript:T07G12.11a.1
Transcript:C18E3.6a.1
Transcript:Y19D10A.6.1
Transcript:T10E10.5.1
Transcript:F02C9.2.1
Transcript:Y49F6A.2.1
Transcript:R04B5.6.1
Transcript:Y26G10.2.1
Transcript:F38A5.10.1
Transcript:R07C3.9.1
Transcript:E04A4.1.1
Transcript:R09A8.1a.1
Transcript:H31G24.3.1
Transcript:F59D6.2.1
Transcript:F17C8.7.1
Transcript:K05F6.2.1
Transcript:W09B7.1.1
Transcript:C16C8.16.1
Transcript:K03A1.1.1
Transcript:T21B4.12.1
Transcript:C16C4.5.1
Transcript:F49A5.3.1
Transcript:K07G6.1.1
Transcript:Y57A10A.2.3
Transcript:Y39D8A.1a.1
Transcript:C03G5.12.1
Transcript:F11G11.1.1
Transcript:F36H5.4.1
Transcript:F54B8.6.1
Transcript:F59E12.4b.1
Transcript:C47A4.5.1
Transcript:F08G5.7.1
Transcript:F14F7.3.1
Transcript:F08E10.7.1
Transcript:F21F8.3.1
Transcript:Y43D4A.4a.1
Transcript:ZK455.7.1
Transcript:F17E9.16.1
Transcript:F32A11.1.2
Transcript:T27C5.5.1
Transcript:F53A2.6a.1
Transcript:W02B8.6.1
Transcript:F56D6.2.1
Transcript:B0280.13.1
Transcript:K06B4.7.1
Transcript:M151.2.1
Transcript:C25F9.10a.1
Transcript:Y102A11A.2a.1
Transcript:H02I12.8.1
Transcript:K04C2.6.1
Transcript:T18D3.4.1
Transcript:W03G9.3.1
Transcript:F22B8.3.1
Transcript:C31A11.1.1
Transcript:Y46H3A.2.1
Transcript:F14D7.14.1
Transcript:F52C6.4.2
Transcript:T12F5.2.1
Transcript:Y105C5A.3.1
Transcript:Y61A9LA.12.1
Transcript:C40D2.1.1
Transcript:T02H6.7.1
Transcript:K07A1.5.1
Transcript:C45B2.2.1
Transcript:F58E2.4.1
Transcript:T20D4.2.1
Transcript:Y38C9B.1.1
Transcript:C06H5.12.1
Transcript:F14B6.4.1
Transcript:M01B2.3.1
Transcript:F58H1.6.1
Transcript:C41H7.4.1
Transcript:Y116A8C.20.1
Transcript:ZK792.3.1
Transcript:R07B1.6a.1
Transcript:Y51H4A.10.1
Transcript:B0496.1.1
Transcript:F36H5.14.2
Transcript:D1025.9.1
Transcript:F16B4.6a.1
Transcript:C10C5.3.1
Transcript:Y80D3A.8.1
Transcript:F35F10.5.1
Transcript:C44C8.2.1
Transcript:C41H7.6.1
Transcript:F37C4.2.1
Transcript:C02E7.5.1
Transcript:F58F9.9a.1
Transcript:H20J04.4b.1
Transcript:F49C5.3.1
Transcript:K06B4.4.1
Transcript:F19C7.4.1
Transcript:M02H5.7.1
Transcript:F22D6.11.1
Transcript:Y51H7BR.1.1
Transcript:F10F2.7.1
Transcript:M02H5.3.1
Transcript:T24A6.1a.1
Transcript:T08E11.2.1
Transcript:F21D9.1.1
Transcript:C11E4.2.1
Transcript:ZK662.4.2
Transcript:T12C9.6.1
Transcript:C04E12.4.1
Transcript:F56D6.13.1
Transcript:C06B3.5.1
Transcript:Y57G11C.1131.1
Transcript:C38D4.10.1
Transcript:Y41C4A.16.1
Transcript:K03D7.11.1
Transcript:B0213.2.1
Transcript:T28A11.1.1
Transcript:C50F4.7.1
Transcript:T05H4.5.1
Transcript:F40D4.7.1
Transcript:F52C6.2.1
Transcript:Y45G12C.2a.1
Transcript:F10C1.8.1
Transcript:C49G7.4.1
Transcript:C17B7.15.1
Transcript:C40D2.3.1
Transcript:F44G3.6.2
Transcript:Y34F4.1b.1
Transcript:ZC412.6.1
Transcript:ZK354.3.1
Transcript:F49F1.2.1
Transcript:F43C11.1a.1
Transcript:K10D2.2.1
Transcript:R09A8.9.1
Transcript:F28C12.4.1
Transcript:T01B7.7.1
Transcript:T09F3.3.1
Transcript:W02A11.8.1
Transcript:K10D11.2.1
Transcript:C50E10.7.1
Transcript:F31C3.2b.1
Transcript:D1014.6.1
Transcript:Y45G12C.7.1
Transcript:Y49E10.30.1
Transcript:C03A7.2.1
Transcript:C52E2.1.1
Transcript:C50F4.5.1
Transcript:C44C8.7.1
Transcript:Y48G1BL.8.1
Transcript:C27C7.1.1
Transcript:K11C4.1.1
Transcript:Y41D4B.7.1
Transcript:Y113G7B.5a.1
Transcript:E03H4.4.1
Transcript:F28C6.2.1
Transcript:Y34D9A.11.1
Transcript:F54D5.4.1
Transcript:C10H11.6a.1
Transcript:T06E6.4.1
Transcript:Y46H3B.2.1
Transcript:Y45G12C.8.1
Transcript:C46F9.3.1
Transcript:D2062.5.1
Transcript:C50H2.12.1
Transcript:C16C4.15.1
Transcript:C42D8.2.1
Transcript:Y45G12C.4.1
Transcript:ZK218.5.1
Transcript:C02E7.6.1
Transcript:W10D9.1.1
Transcript:F36H12.5.1
Transcript:R06A4.2.1
Transcript:Y47H9A.1.1
Transcript:F26F2.5.1
Transcript:T06G6.2.1
Transcript:F56H6.11.1
Transcript:F20E11.7.1
Transcript:Y45G12C.16.1
Transcript:F17A2.3.1
Transcript:F44D12.5.1
Transcript:Y73B6BL.34.1
Transcript:C55B7.3.1
Transcript:Y45G12C.6.1
Transcript:ZK1225.6.1
Transcript:T06E4.14.1
Transcript:Y25C1A.3.1
Transcript:C16C8.25.1
Transcript:Y54G2A.36.4
Transcript:T06E6.7.1
Transcript:F11A5.18.1
Transcript:C24G7.1.1
Transcript:C49H3.1.1
Transcript:K05F6.12.1
Transcript:K04A8.1.2
Transcript:C49G7.8.1
Transcript:F28D1.5.1
Transcript:C56G3.2.1
Transcript:F36G9.13.1
Transcript:ZC482.8.1
Transcript:Y54E10BL.2.1
Transcript:F32A7.5a.1
Transcript:K08D10.8.1
Transcript:F54D12.1.1
Transcript:C03C11.1.1
Transcript:K02F6.3.1
Transcript:Y26D4A.5a.1
Transcript:F37A8.1.1
Transcript:C03A7.4.1
Transcript:C01G10.17.1
Transcript:F49E11.9.1
Transcript:Y94A7B.9.1
Transcript:F08E10.2.1
Transcript:ZK402.1.1
Transcript:Y54G2A.50.3
Transcript:B0212.3.1
Transcript:Y51A2A.11.1
Transcript:T21B4.6.1
Transcript:B0218.3.1
Transcript:F36H12.2b.1
Transcript:K02E7.7.1
Transcript:Y50E8A.11.1
Transcript:T13A10.2.1
Transcript:T27C10.1.1
Transcript:K05F6.5.1
Transcript:T08G5.7.1
Transcript:Y82E9BL.17.1
Transcript:F59A7.7.1
Transcript:E03H4.11.1
Transcript:Y54G2A.77.1
Transcript:C25H3.3.2
Transcript:ZC376.8.1
Transcript:C29F4.1.1
Transcript:F35C8.2.1
Transcript:Y20C6A.2.1
Transcript:H17B01.2.1
Transcript:W05G11.3.1
Transcript:F56A4.2.1
Transcript:B0564.6.1
Transcript:K03B8.1.1
Transcript:W02A2.7.1
Transcript:F07C4.3.1
Transcript:Y102A5C.17b.1
Transcript:T05H4.2.1
Transcript:W07A12.6.1
Transcript:T05B11.2.1
Transcript:C13D9.3.1
Transcript:F41B5.2.1
Transcript:Y116A8B.1.1
Transcript:T25E12.11.1
Transcript:T28A8.4.1
Transcript:H38K22.6.1
Transcript:E01G4.5.1
Transcript:T27B7.3.1
Transcript:C31A11.4.1
Transcript:C49D10.4.1
Transcript:C34F6.2.1
Transcript:C11G6.2.1
Transcript:F55C12.2.1
Transcript:ZK488.4.1
Transcript:C03H5.1.1
Transcript:T28A11.7.1
Transcript:F11D5.5.1
Transcript:Y9C9A.10.1
Transcript:T27C5.1.1
Transcript:F09E8.5.1
Transcript:Y49C4A.3.1
Transcript:F23A7.8.1
Transcript:C49F5.1.3
Transcript:F28B1.1.1
